<?xml version="1.0" encoding="UTF-8"?>
<!-- Generated by org.testng.reporters.JUnitReportReporter -->
<testsuite skipped="0" hostname="DESKTOP-T54L12J" name="com.atlassian.developer.JiraIssues.GetIssueApiTest" tests="3" failures="0" timestamp="2019-12-17T21:09:01 EST" time="1.522" errors="0">
  <testcase name="getIssuebyIdorKey" time="0.226" classname="com.atlassian.developer.JiraIssues.GetIssueApiTest"/>
  <testcase name="getIssuebyIdorKey" time="1.291" classname="com.atlassian.developer.JiraIssues.GetIssueApiTest"/>
  <testcase name="getPathUrl" time="0.005" classname="com.atlassian.developer.JiraIssues.GetIssueApiTest"/>
</testsuite> <!-- com.atlassian.developer.JiraIssues.GetIssueApiTest -->
