<?xml version="1.0" encoding="UTF-8"?>
<!-- Generated by org.testng.reporters.JUnitReportReporter -->
<testsuite skipped="0" hostname="DESKTOP-T54L12J" name="com.atlassian.developer.JiraIssues.IssueApiTest" tests="2" failures="0" timestamp="2019-12-17T21:09:01 EST" time="0.976" errors="0">
  <testcase name="getPathUrl" time="0.016" classname="com.atlassian.developer.JiraIssues.IssueApiTest"/>
  <testcase name="createissue" time="0.960" classname="com.atlassian.developer.JiraIssues.IssueApiTest"/>
</testsuite> <!-- com.atlassian.developer.JiraIssues.IssueApiTest -->
