<?xml version="1.0" encoding="UTF-8"?>
<!-- Generated by org.testng.reporters.JUnitReportReporter -->
<testsuite skipped="0" hostname="DESKTOP-T54L12J" name="com.atlassian.developer.base.CreateSessionId" tests="1" failures="0" timestamp="2019-12-17T21:09:01 EST" time="0.038" errors="0">
  <testcase name="getPathUrl" time="0.038" classname="com.atlassian.developer.base.CreateSessionId"/>
</testsuite> <!-- com.atlassian.developer.base.CreateSessionId -->
