<?xml version="1.0" encoding="UTF-8"?>
<!-- Generated by org.testng.reporters.JUnitReportReporter -->
<testsuite skipped="0" hostname="DESKTOP-T54L12J" name="com.atlassian.developer.workExcel.ExcelMethods" tests="1" failures="0" timestamp="2019-12-27T20:59:56 EST" time="3.417" errors="0">
  <testcase name="writeFromGivenRNC" time="3.417" classname="com.atlassian.developer.workExcel.ExcelMethods"/>
</testsuite> <!-- com.atlassian.developer.workExcel.ExcelMethods -->
