<?xml version="1.0" encoding="UTF-8"?>
<!-- Generated by org.testng.reporters.JUnitReportReporter -->
<testsuite skipped="0" hostname="DESKTOP-T54L12J" name="com.atlassian.developer.utils.ExcelUtils" tests="1" failures="0" timestamp="2019-12-24T22:36:05 EST" time="0.040" errors="0">
  <testcase name="worksheet" time="0.040" classname="com.atlassian.developer.utils.ExcelUtils"/>
</testsuite> <!-- com.atlassian.developer.utils.ExcelUtils -->
