<?xml version="1.0" encoding="UTF-8"?>
<!-- Generated by org.testng.reporters.JUnitReportReporter -->
<testsuite skipped="0" hostname="DESKTOP-T54L12J" name="com.atlassian.developer.JiraIssues.CreateSessionTest" tests="2" failures="0" timestamp="2019-12-17T21:09:01 EST" time="8.651" errors="0">
  <testcase name="getPathUrl" time="0.005" classname="com.atlassian.developer.JiraIssues.CreateSessionTest"/>
  <testcase name="returnSessionId" time="8.646" classname="com.atlassian.developer.JiraIssues.CreateSessionTest"/>
</testsuite> <!-- com.atlassian.developer.JiraIssues.CreateSessionTest -->
